This file contains any messages produced by compilers while
running configure, to aid debugging if configure makes a mistake.

It was created by onedrive-flake configure 1.1.2, which was
generated by GNU Autoconf 2.72.  Invocation command line was

  $ ../configure

## --------- ##
## Platform. ##
## --------- ##

hostname = contact
uname -m = x86_64
uname -r = 6.12.48
uname -s = Linux
uname -v = #1-NixOS SMP PREEMPT_DYNAMIC Fri Sep 19 14:35:52 UTC 2025

/usr/bin/uname -p = unknown
/bin/uname -X     = unknown

/bin/arch              = x86_64
/usr/bin/arch -k       = x86_64
/usr/convex/getsysinfo = unknown
/usr/bin/hostinfo      = unknown
/bin/machine           = unknown
/usr/bin/oslevel       = unknown
/bin/universe          = unknown

PATH: /home/trashman/.local/bin/
PATH: /usr/local/bin/
PATH: /run/wrappers/bin/
PATH: /home/trashman/.nix-profile/bin/
PATH: /nix/profile/bin/
PATH: /home/trashman/.local/state/nix/profile/bin/
PATH: /etc/profiles/per-user/trashman/bin/
PATH: /nix/var/nix/profiles/default/bin/
PATH: /run/current-system/sw/bin/
PATH: /home/trashman/.config/zsh/plugins/zsh-nix-shell/


## ----------- ##
## Core tests. ##
## ----------- ##

configure:1639: loading site script /usr/local/share/config.site
| # This config.site was created by the NixOS configuration.
| 
| TARGETED_HOST="${TARGETED_HOST:-contact}"
| 
| case "$TARGETED_HOST" in
|   contact )
|     TARGETED_ARCH="${TARGETED_ARCH:-znver4}"
|     TARGETED_TUNE="${TARGETED_TUNE:-znver4}"
|     _BUILD=x86_64-unknown-linux-gnu
|     _HOST=x86_64-unknown-linux-gnu
|     _TARGET=x86_64-unknown-linux-gnu
|     ;;
|   downdraft )
|     TARGETED_ARCH="${TARGETED_ARCH:-alderlake}"
|     TARGETED_TUNE="${TARGETED_TUNE:-alderlake}"
|     _BUILD=x86_64-unknown-linux-gnu
|     _HOST=x86_64-unknown-linux-gnu
|     _TARGET=x86_64-unknown-linux-gnu
|     ;;
|   polly )
|     TARGETED_ARCH="${TARGETED_ARCH:-alderlake}"
|     TARGETED_TUNE="${TARGETED_TUNE:-alderlake}"
|     _BUILD=x86_64-unknown-linux-gnu
|     _HOST=x86_64-unknown-linux-gnu
|     _TARGET=x86_64-unknown-linux-gnu
|     ;;
|   x86_64-linux-gnu )
|     TARGETED_ARCH="${TARGETED_ARCH:-x86-64}"
|     TARGETED_TUNE="${TARGETED_TUNE:-k8}"
|     _BUILD=x86_64-unknown-linux-gnu
|     _HOST=x86_64-linux-gnu
|     _TARGET=x86_64-linux-gnu
|     ;;
|   x86_64-unknown-linux-gnu )
|     TARGETED_ARCH="${TARGETED_ARCH:-x86-64}"
|     TARGETED_TUNE="${TARGETED_TUNE:-k8}"
|     _BUILD=x86_64-unknown-linux-gnu
|     _HOST=x86_64-unknown-linux-gnu
|     _TARGET=x86_64-unknown-linux-gnu
|     ;;
|   x86_64-pc-linux-gnu )
|     TARGETED_ARCH="${TARGETED_ARCH:-x86-64}"
|     TARGETED_TUNE="${TARGETED_TUNE:-k8}"
|     _BUILD=x86_64-unknown-linux-gnu
|     _HOST=x86_64-pc-linux-gnu
|     _TARGET=x86_64-pc-linux-gnu
|     ;;
|   * )
|     echo "unrecognized TARGETED_HOST: ‘$TARGETED_HOST’"
|     exit 1
|     ;;
| esac
| 
| ac_cv_build="${ac_cv_build-$_BUILD}"
| ac_cv_host="${ac_cv_host-$_HOST}"
| ac_cv_target="${ac_cv_target-$_TARGET}"
| 
| test "$prefix" = NONE && prefix=/usr/local
| 
| test "$enable_maintainer_mode" = NONE && enable_maintainer_mode=no
| test "$enable_silent_rules" = NONE && enable_silent_rules=yes
| test "$enable_nls" = NONE && enable_nls=no
| 
| CFLAGS="${CFLAGS}${CFLAGS+ }-g -O2 -march=""$TARGETED_ARCH"" -mtune=""$TARGETED_TUNE"
| CXXFLAGS="${CXXFLAGS}${CXXFLAGS+ }-g -O2 -march=""$TARGETED_ARCH"" -mtune=""$TARGETED_TUNE"
configure:1681: looking for aux files: install-sh
configure:1694:  trying ../build-aux/
configure:1705:   ../build-aux/install-sh found
configure:1841: checking for a race-free mkdir -p
configure:1884: result: /run/current-system/sw/bin/mkdir -p
configure:1887: checking for a sed that does not truncate output
configure:1959: result: /run/current-system/sw/bin/sed
configure:1968: checking for nixfmt
configure:1989: found /run/current-system/sw/bin/nixfmt
configure:2001: result: nixfmt
configure:2185: creating ./config.status

## ---------------------- ##
## Running config.status. ##
## ---------------------- ##

This file was extended by onedrive-flake config.status 1.1.2, which was
generated by GNU Autoconf 2.72.  Invocation command line was

  CONFIG_FILES    = 
  CONFIG_HEADERS  = 
  CONFIG_LINKS    = 
  CONFIG_COMMANDS = 
  $ ./config.status 

on contact

config.status:697: executing flake-diversification commands

## ---------------- ##
## Cache variables. ##
## ---------------- ##

ac_cv_build=x86_64-unknown-linux-gnu
ac_cv_env_NIXPKGS_VERSION_set=
ac_cv_env_NIXPKGS_VERSION_value=
ac_cv_env_ONEDRIVE_VERSION_set=
ac_cv_env_ONEDRIVE_VERSION_value=
ac_cv_env_SYSTEM_set=
ac_cv_env_SYSTEM_value=
ac_cv_env_WITH_SYSTEMD_set=
ac_cv_env_WITH_SYSTEMD_value=
ac_cv_env_build_alias_set=
ac_cv_env_build_alias_value=
ac_cv_env_host_alias_set=
ac_cv_env_host_alias_value=
ac_cv_env_target_alias_set=
ac_cv_env_target_alias_value=
ac_cv_host=x86_64-unknown-linux-gnu
ac_cv_path_SED=/run/current-system/sw/bin/sed
ac_cv_path_mkdir=/run/current-system/sw/bin/mkdir
ac_cv_prog_NIXFMT=nixfmt
ac_cv_target=x86_64-unknown-linux-gnu

## ----------------- ##
## Output variables. ##
## ----------------- ##

DEFS='-DPACKAGE_NAME=\"onedrive-flake\" -DPACKAGE_TARNAME=\"onedrive-flake\" -DPACKAGE_VERSION=\"1.1.2\" -DPACKAGE_STRING=\"onedrive-flake\ 1.1.2\" -DPACKAGE_BUGREPORT=\"\" -DPACKAGE_URL=\"\"'
ECHO_C=''
ECHO_N='-n'
ECHO_T=''
LIBOBJS=''
LIBS=''
LTLIBOBJS=''
MKDIR_P='/run/current-system/sw/bin/mkdir -p'
NIXFMT='nixfmt'
NIXPKGS_VERSION='release-25.05 nixos-unstable'
ONEDRIVE_VERSION='2.5.6 2.5.7'
PACKAGE_BUGREPORT=''
PACKAGE_NAME='onedrive-flake'
PACKAGE_STRING='onedrive-flake 1.1.2'
PACKAGE_TARNAME='onedrive-flake'
PACKAGE_URL=''
PACKAGE_VERSION='1.1.2'
PATH_SEPARATOR=':'
SED='/run/current-system/sw/bin/sed'
SHELL='/bin/sh'
SYSTEM='x86_64-linux aarch64-linux x86_64-darwin aarch64-darwin'
WITH_SYSTEMD='false true'
bindir='${exec_prefix}/bin'
build_alias=''
datadir='${datarootdir}'
datarootdir='${prefix}/share'
docdir='${datarootdir}/doc/${PACKAGE_TARNAME}'
dvidir='${docdir}'
exec_prefix='${prefix}'
host_alias=''
htmldir='${docdir}'
includedir='${prefix}/include'
infodir='${datarootdir}/info'
libdir='${exec_prefix}/lib'
libexecdir='${exec_prefix}/libexec'
localedir='${datarootdir}/locale'
localstatedir='${prefix}/var'
mandir='${datarootdir}/man'
oldincludedir='/usr/include'
pdfdir='${docdir}'
prefix='/usr/local'
program_transform_name='s,x,x,'
psdir='${docdir}'
runstatedir='${localstatedir}/run'
sbindir='${exec_prefix}/sbin'
sharedstatedir='${prefix}/com'
sysconfdir='${prefix}/etc'
target_alias=''

## ----------- ##
## confdefs.h. ##
## ----------- ##

/* confdefs.h */
#define PACKAGE_NAME "onedrive-flake"
#define PACKAGE_TARNAME "onedrive-flake"
#define PACKAGE_VERSION "1.1.2"
#define PACKAGE_STRING "onedrive-flake 1.1.2"
#define PACKAGE_BUGREPORT ""
#define PACKAGE_URL ""

configure: exit 0
